<?xml version="1.0" encoding="UTF-8"?>
<!-- Generated by org.testng.reporters.JUnitXMLReporter -->
<testsuite hostname="SHANMUK-TEJ" ignored="0" name="Adding a Default Address" tests="1" failures="1" timestamp="12 May 2020 13:37:39 GMT" time="97.838" errors="0">
  <testcase name="feature" time="40.157" classname="com.myntra.testrunner.DefaultAddress">
    <failure type="cucumber.runtime.CucumberException" message="java.lang.AssertionError: Make This default address button is not working expected [Shanmuka] but found [Fdgsfdgsg]">
      <![CDATA[cucumber.runtime.CucumberException: java.lang.AssertionError: Make This default address button is not working expected [Shanmuka] but found [Fdgsfdgsg]
at cucumber.api.testng.TestNGCucumberRunner.runCucumber(TestNGCucumberRunner.java:69)
at com.myntra.testrunner.DefaultAddress.feature(DefaultAddress.java:47)
at java.util.concurrent.FutureTask.run(Unknown Source)
at java.util.concurrent.Executors$RunnableAdapter.call(Unknown Source)
at java.util.concurrent.FutureTask.run(Unknown Source)
at java.util.concurrent.ThreadPoolExecutor.runWorker(Unknown Source)
at java.util.concurrent.ThreadPoolExecutor$Worker.run(Unknown Source)
at java.lang.Thread.run(Unknown Source)
Caused by: java.lang.AssertionError: Make This default address button is not working expected [Shanmuka] but found [Fdgsfdgsg]
at com.myntra.stepDefinitions.Steps.the_Other_Address_should_be_made_as_Default_Address(Steps.java:330)
at ✽.Then the Other Address should be made as Default Address(src/main/java/com/myntra/features/defaultAddress.feature:35)
... Removed 14 stack frames]]>
    </failure>
  </testcase> <!-- feature -->
</testsuite> <!-- Adding a Default Address -->
