<?xml version="1.0" encoding="UTF-8"?>
<!-- Generated by org.testng.reporters.JUnitXMLReporter -->
<testsuite hostname="SHANMUK-TEJ" ignored="0" name="Update Email" tests="1" failures="1" timestamp="12 May 2020 13:41:35 GMT" time="112.776" errors="0">
  <testcase name="feature" time="90.312" classname="com.myntra.testrunner.UpdateEmail">
    <failure type="cucumber.runtime.CucumberException" message="java.lang.AssertionError: Portal displays &amp;quot;Something Went Wrong!&amp;quot; alert">
      <![CDATA[cucumber.runtime.CucumberException: java.lang.AssertionError: Portal displays "Something Went Wrong!" alert
at cucumber.api.testng.TestNGCucumberRunner.runCucumber(TestNGCucumberRunner.java:69)
at com.myntra.testrunner.UpdateEmail.feature(UpdateEmail.java:46)
Caused by: java.lang.AssertionError: Portal displays "Something Went Wrong!" alert
at com.myntra.stepDefinitions.Steps.portal_should_ask_to_check_verification_Email(Steps.java:229)
at ✽.Then portal should ask to check verification Email(src/main/java/com/myntra/features/updateEmail.feature:23)
... Removed 26 stack frames]]>
    </failure>
  </testcase> <!-- feature -->
</testsuite> <!-- Update Email -->
